2025-07-30 10:10:45,462 - INFO - Загружено 3792 фьючерсных рынков
2025-07-30 10:10:45,462 - INFO - Активные фьючерсные пары: 35
2025-07-30 10:10:45,462 - INFO - 🚀 Запуск фьючерсного криптотрейдинг бота...
2025-07-30 10:10:45,462 - INFO - 📊 Мониторинг 35 фьючерсных пар на 5 таймфреймах
2025-07-30 10:10:45,462 - INFO - 🕒 Цикл анализа каждые 15 минут
2025-07-30 10:10:45,463 - INFO - 🔄 Цикл #1
2025-07-30 10:10:45,463 - INFO - 🚀 Начало анализа 35 фьючерсных пар...
2025-07-30 10:11:00,022 - ERROR - Ошибка получения фьючерсных данных для MATIC/USDT: binance does not have market symbol MATIC/USDT
2025-07-30 10:11:20,167 - INFO - 
🔔 НОВЫЙ ТОРГОВЫЙ СИГНАЛ (ФЬЮЧЕРСЫ)
📊 Инструмент: EGLD/USDT
📈 Тип: LONG
💰 Вход: 14.928
🎯 TP1: 15.32941104 | TP2: 15.73082207 | TP3: 16.13223311
🛑 SL: 14.52658896
📊 Уверенность: 80.0%
📊 RR Ratio: 3.0
⏰ Формирование: ~1 часов
📈 Тех. анализ: RSI=30.66, 
                 Stoch=9.26, 
                 MACD=-0.18468316,
                 Vol Ratio=0.12
⏰ Время: 2025-07-30 10:11:20
        
2025-07-30 10:11:36,455 - ERROR - Ошибка сохранения лога сигналов: Object of type datetime is not JSON serializable
2025-07-30 10:11:36,455 - INFO - ✅ Цикл анализа завершен за 51.0 секунд
2025-07-30 10:11:36,456 - INFO - 📊 Обработано 35 пар. Найдено 1 сигналов.
2025-07-30 10:11:36,456 - INFO - 📊 Найденные сигналы в этом цикле:
2025-07-30 10:11:36,456 - INFO -   🔔 EGLD/USDT | LONG | Вход: 14.928 | Уверенность: 80.0%
2025-07-30 10:11:36,456 - INFO - ⏳ Ожидание следующего цикла (15 минут)...
2025-07-30 10:26:36,456 - INFO - 🔄 Цикл #2
2025-07-30 10:26:36,457 - INFO - 🚀 Начало анализа 35 фьючерсных пар...
2025-07-30 10:26:51,425 - ERROR - Ошибка получения фьючерсных данных для MATIC/USDT: binance does not have market symbol MATIC/USDT
2025-07-30 10:27:27,128 - ERROR - Ошибка сохранения лога сигналов: Object of type datetime is not JSON serializable
2025-07-30 10:27:27,128 - INFO - ✅ Цикл анализа завершен за 50.7 секунд
2025-07-30 10:27:27,128 - INFO - 📊 Обработано 35 пар. Найдено 1 сигналов.
2025-07-30 10:27:27,128 - INFO - 📊 Найденные сигналы в этом цикле:
2025-07-30 10:27:27,129 - INFO -   🔔 EGLD/USDT | LONG | Вход: 14.981 | Уверенность: 80.0%
2025-07-30 10:27:27,129 - INFO - ⏳ Ожидание следующего цикла (15 минут)...
2025-07-30 10:42:27,129 - INFO - 🔄 Цикл #3
2025-07-30 10:42:27,129 - INFO - 🚀 Начало анализа 35 фьючерсных пар...
2025-07-30 10:42:41,361 - ERROR - Ошибка получения фьючерсных данных для MATIC/USDT: binance does not have market symbol MATIC/USDT
2025-07-30 10:43:15,746 - ERROR - Ошибка сохранения лога сигналов: Object of type datetime is not JSON serializable
2025-07-30 10:43:15,746 - INFO - ✅ Цикл анализа завершен за 48.6 секунд
2025-07-30 10:43:15,746 - INFO - 📊 Обработано 35 пар. Найдено 1 сигналов.
2025-07-30 10:43:15,746 - INFO - 📊 Найденные сигналы в этом цикле:
2025-07-30 10:43:15,746 - INFO -   🔔 EGLD/USDT | LONG | Вход: 14.937 | Уверенность: 80.0%
2025-07-30 10:43:15,747 - INFO - 
📊 СВОДКА ПО СИГНАЛАМ
===================
📈 Всего сигналов найдено: 1
⏱️  Время работы: 0:32:32.996074
📊 Средняя уверенность: 80.0%
📊 Средний RR Ratio: 3.00
📈 Топ-5 последних сигналов:
        
2025-07-30 10:43:15,747 - INFO -   2025-07-30T10:11:20 | EGLD/USDT | LONG | Вход: 14.928 | TP3: 16.13223311 | Уверенность: 80.0%
2025-07-30 10:43:15,747 - INFO - ⏳ Ожидание следующего цикла (15 минут)...
2025-07-30 10:58:15,747 - INFO - 🔄 Цикл #4
2025-07-30 10:58:15,748 - INFO - 🚀 Начало анализа 35 фьючерсных пар...
2025-07-30 10:58:19,290 - INFO - 
🔔 НОВЫЙ ТОРГОВЫЙ СИГНАЛ (ФЬЮЧЕРСЫ)
📊 Инструмент: BNB/USDT
📈 Тип: LONG
💰 Вход: 795.56
🎯 TP1: 810.65417845 | TP2: 825.74835691 | TP3: 840.84253536
🛑 SL: 780.46582155
📊 Уверенность: 80.0%
📊 RR Ratio: 3.0
⏰ Формирование: ~1 часов
📈 Тех. анализ: RSI=34.71, 
                 Stoch=8.53, 
                 MACD=-5.15906734,
                 Vol Ratio=0.87
⏰ Время: 2025-07-30 10:58:19
        
2025-07-30 10:58:23,876 - INFO - 
🔔 НОВЫЙ ТОРГОВЫЙ СИГНАЛ (ФЬЮЧЕРСЫ)
📊 Инструмент: ADA/USDT
📈 Тип: LONG
💰 Вход: 0.7681
🎯 TP1: 0.78721546 | TP2: 0.80633092 | TP3: 0.82544637
🛑 SL: 0.74898454
📊 Уверенность: 80.0%
📊 RR Ratio: 2.98
⏰ Формирование: ~1 часов
📈 Тех. анализ: RSI=33.58, 
                 Stoch=8.58, 
                 MACD=-0.00481912,
                 Vol Ratio=1.29
⏰ Время: 2025-07-30 10:58:23
        
2025-07-30 10:58:26,233 - INFO - 
🔔 НОВЫЙ ТОРГОВЫЙ СИГНАЛ (ФЬЮЧЕРСЫ)
📊 Инструмент: DOT/USDT
📈 Тип: LONG
💰 Вход: 3.811
🎯 TP1: 3.91376568 | TP2: 4.01653135 | TP3: 4.11929703
🛑 SL: 3.70823432
📊 Уверенность: 80.0%
📊 RR Ratio: 3.0
⏰ Формирование: ~1 часов
📈 Тех. анализ: RSI=30.51, 
                 Stoch=6.9, 
                 MACD=-0.03348949,
                 Vol Ratio=1.1
⏰ Время: 2025-07-30 10:58:26
        
2025-07-30 10:58:30,877 - ERROR - Ошибка получения фьючерсных данных для MATIC/USDT: binance does not have market symbol MATIC/USDT
2025-07-30 10:58:38,222 - INFO - 
🔔 НОВЫЙ ТОРГОВЫЙ СИГНАЛ (ФЬЮЧЕРСЫ)
📊 Инструмент: FIL/USDT
📈 Тип: LONG
💰 Вход: 2.498
🎯 TP1: 2.56736076 | TP2: 2.63672153 | TP3: 2.70608229
🛑 SL: 2.42863924
📊 Уверенность: 80.0%
📊 RR Ratio: 3.0
⏰ Формирование: ~1 часов
📈 Тех. анализ: RSI=30.95, 
                 Stoch=5.38, 
                 MACD=-0.02272677,
                 Vol Ratio=1.23
⏰ Время: 2025-07-30 10:58:38
        
2025-07-30 10:58:53,576 - INFO - 
🔔 НОВЫЙ ТОРГОВЫЙ СИГНАЛ (ФЬЮЧЕРСЫ)
📊 Инструмент: SAND/USDT
📈 Тип: LONG
💰 Вход: 0.28739
🎯 TP1: 0.29492269 | TP2: 0.30245539 | TP3: 0.30998808
🛑 SL: 0.27985731
📊 Уверенность: 80.0%
📊 RR Ratio: 2.96
⏰ Формирование: ~1 часов
📈 Тех. анализ: RSI=30.53, 
                 Stoch=3.59, 
                 MACD=-0.00258791,
                 Vol Ratio=1.13
⏰ Время: 2025-07-30 10:58:53
        
2025-07-30 10:58:54,750 - INFO - 
🔔 НОВЫЙ ТОРГОВЫЙ СИГНАЛ (ФЬЮЧЕРСЫ)
📊 Инструмент: MANA/USDT
📈 Тип: LONG
💰 Вход: 0.2921
🎯 TP1: 0.30058856 | TP2: 0.30907711 | TP3: 0.31756567
🛑 SL: 0.28361144
📊 Уверенность: 80.0%
📊 RR Ratio: 2.97
⏰ Формирование: ~1 часов
📈 Тех. анализ: RSI=31.02, 
                 Stoch=3.45, 
                 MACD=-0.00282516,
                 Vol Ratio=1.26
⏰ Время: 2025-07-30 10:58:54
        
2025-07-30 10:59:04,856 - INFO - 
🔔 НОВЫЙ ТОРГОВЫЙ СИГНАЛ (ФЬЮЧЕРСЫ)
📊 Инструмент: GMT/USDT
📈 Тип: LONG
💰 Вход: 0.04639
🎯 TP1: 0.04779231 | TP2: 0.04919463 | TP3: 0.05059694
🛑 SL: 0.04498769
📊 Уверенность: 80.0%
📊 RR Ratio: 2.8
⏰ Формирование: ~1 часов
📈 Тех. анализ: RSI=30.16, 
                 Stoch=0.98, 
                 MACD=-0.00047198,
                 Vol Ratio=1.55
⏰ Время: 2025-07-30 10:59:04
        
2025-07-30 10:59:07,647 - ERROR - Ошибка сохранения лога сигналов: Object of type datetime is not JSON serializable
2025-07-30 10:59:07,648 - INFO - ✅ Цикл анализа завершен за 51.9 секунд
2025-07-30 10:59:07,648 - INFO - 📊 Обработано 35 пар. Найдено 7 сигналов.
2025-07-30 10:59:07,648 - INFO - 📊 Найденные сигналы в этом цикле:
2025-07-30 10:59:07,648 - INFO -   🔔 BNB/USDT | LONG | Вход: 795.56 | Уверенность: 80.0%
2025-07-30 10:59:07,648 - INFO -   🔔 ADA/USDT | LONG | Вход: 0.7681 | Уверенность: 80.0%
2025-07-30 10:59:07,648 - INFO -   🔔 DOT/USDT | LONG | Вход: 3.811 | Уверенность: 80.0%
2025-07-30 10:59:07,648 - INFO -   🔔 FIL/USDT | LONG | Вход: 2.498 | Уверенность: 80.0%
2025-07-30 10:59:07,648 - INFO -   🔔 SAND/USDT | LONG | Вход: 0.28739 | Уверенность: 80.0%
2025-07-30 10:59:07,648 - INFO -   🔔 MANA/USDT | LONG | Вход: 0.2921 | Уверенность: 80.0%
2025-07-30 10:59:07,648 - INFO -   🔔 GMT/USDT | LONG | Вход: 0.04639 | Уверенность: 80.0%
2025-07-30 10:59:07,648 - INFO - ⏳ Ожидание следующего цикла (15 минут)...
2025-07-30 11:14:07,649 - INFO - 🔄 Цикл #5
2025-07-30 11:14:07,649 - INFO - 🚀 Начало анализа 35 фьючерсных пар...
2025-07-30 11:14:23,151 - ERROR - Ошибка получения фьючерсных данных для MATIC/USDT: binance does not have market symbol MATIC/USDT
__main__ - INFO - Загружено 3792 фьючерсных рынков
__main__ - INFO - Активные фьючерсные пары: 35
__main__ - INFO - 🚀 Запуск фьючерсного криптотрейдинг бота...
__main__ - INFO - 📊 Мониторинг 35 фьючерсных пар на 5 таймфреймах
__main__ - INFO - 🕒 Цикл анализа каждые 15 минут
__main__ - INFO - 🔄 Цикл #1
__main__ - INFO - 🚀 Начало анализа 35 фьючерсных пар...
__main__ - INFO - ✅ [BNB/USDT] --- ОТКРЫТА LONG СДЕЛКА (Сила: 5) @ 791.31 ---
__main__ - INFO -    SL: 776.43196405, TP1: 806.18803595, TP2: 821.0660719, TP3: 835.94410785
__main__ - INFO - ✅ [SOL/USDT] --- ОТКРЫТА LONG СДЕЛКА (Сила: 5) @ 176.84 ---
__main__ - INFO -    SL: 172.8139485, TP1: 180.8660515, TP2: 184.89210299, TP3: 188.91815449
__main__ - INFO - ✅ [XRP/USDT] --- ОТКРЫТА LONG СДЕЛКА (Сила: 5) @ 3.0566 ---
__main__ - INFO -    SL: 2.98774263, TP1: 3.12545737, TP2: 3.19431474, TP3: 3.263008
__main__ - INFO - ✅ [ADA/USDT] --- ОТКРЫТА LONG СДЕЛКА (Сила: 5) @ 0.7565 ---
__main__ - INFO -    SL: 0.73641996, TP1: 0.77658004, TP2: 0.79666008, TP3: 0.81674012
__main__ - INFO - ✅ [DOGE/USDT] --- ОТКРЫТА LONG СДЕЛКА (Сила: 5) @ 0.21656 ---
__main__ - INFO -    SL: 0.21020587, TP1: 0.22291413, TP2: 0.22926826, TP3: 0.23562238
__main__ - INFO - ✅ [DOT/USDT] --- ОТКРЫТА LONG СДЕЛКА (Сила: 5) @ 3.76 ---
__main__ - INFO -    SL: 3.6526508, TP1: 3.8673492, TP2: 3.97469841, TP3: 4.08204761
__main__ - INFO - ✅ [LINK/USDT] --- ОТКРЫТА LONG СДЕЛКА (Сила: 5) @ 17.299 ---
__main__ - INFO -    SL: 16.86407165, TP1: 17.73392835, TP2: 18.16885669, TP3: 18.60378504
__main__ - ERROR - Ошибка получения фьючерсных данных для MATIC/USDT: binance does not have market symbol MATIC/USDT
__main__ - INFO - ✅ [UNI/USDT] --- ОТКРЫТА LONG СДЕЛКА (Сила: 5) @ 9.867 ---
__main__ - INFO -    SL: 9.50090598, TP1: 10.23309402, TP2: 10.59918803, TP3: 10.96528205
__main__ - INFO - ✅ [ATOM/USDT] --- ОТКРЫТА LONG СДЕЛКА (Сила: 5) @ 4.407 ---
__main__ - INFO -    SL: 4.28757907, TP1: 4.52642093, TP2: 4.64584187, TP3: 4.7652628
__main__ - INFO - ✅ [ETC/USDT] --- ОТКРЫТА LONG СДЕЛКА (Сила: 5) @ 21.058 ---
__main__ - INFO -    SL: 20.51208307, TP1: 21.60391693, TP2: 22.14983387, TP3: 22.6957508
__main__ - INFO - ✅ [FIL/USDT] --- ОТКРЫТА LONG СДЕЛКА (Сила: 5) @ 2.472 ---
__main__ - INFO -    SL: 2.40026724, TP1: 2.54373276, TP2: 2.61546552, TP3: 2.68719828
__main__ - INFO - ✅ [XLM/USDT] --- ОТКРЫТА LONG СДЕЛКА (Сила: 5) @ 0.40785 ---
__main__ - INFO -    SL: 0.3966445, TP1: 0.4190555, TP2: 0.43026101, TP3: 0.44146651
__main__ - INFO - ✅ [ICP/USDT] --- ОТКРЫТА LONG СДЕЛКА (Сила: 5) @ 5.264 ---
__main__ - INFO -    SL: 5.11321784, TP1: 5.41478216, TP2: 5.56556432, TP3: 5.71634648
__main__ - INFO - ✅ [HBAR/USDT] --- ОТКРЫТА LONG СДЕЛКА (Сила: 5) @ 0.25647 ---
__main__ - INFO -    SL: 0.24845184, TP1: 0.26448816, TP2: 0.27250631, TP3: 0.28052447
__main__ - INFO - ✅ [NEAR/USDT] --- ОТКРЫТА LONG СДЕЛКА (Сила: 5) @ 2.623 ---
__main__ - INFO -    SL: 2.53747223, TP1: 2.70852777, TP2: 2.79405553, TP3: 2.8795833
__main__ - INFO - ✅ [ALGO/USDT] --- ОТКРЫТА LONG СДЕЛКА (Сила: 5) @ 0.2513 ---
__main__ - INFO -    SL: 0.24369095, TP1: 0.25890905, TP2: 0.26651811, TP3: 0.27412716
__main__ - INFO - ✅ [EGLD/USDT] --- ОТКРЫТА LONG СДЕЛКА (Сила: 5) @ 14.671 ---
__main__ - INFO -    SL: 14.22675244, TP1: 15.11524756, TP2: 15.55949512, TP3: 16.00374268
__main__ - INFO - ✅ [FLOW/USDT] --- ОТКРЫТА LONG СДЕЛКА (Сила: 5) @ 0.381 ---
__main__ - INFO -    SL: 0.36910584, TP1: 0.39289416, TP2: 0.40478832, TP3: 0.41668247
__main__ - INFO - ✅ [SAND/USDT] --- ОТКРЫТА LONG СДЕЛКА (Сила: 5) @ 0.28428 ---
__main__ - INFO -    SL: 0.27647341, TP1: 0.29208659, TP2: 0.29989317, TP3: 0.30769976
__main__ - INFO - ✅ [MANA/USDT] --- ОТКРЫТА LONG СДЕЛКА (Сила: 5) @ 0.2889 ---
__main__ - INFO -    SL: 0.2802125, TP1: 0.2975875, TP2: 0.30627499, TP3: 0.31496249
__main__ - INFO - ✅ [AXS/USDT] --- ОТКРЫТА LONG СДЕЛКА (Сила: 5) @ 2.339 ---
__main__ - INFO -    SL: 2.26811187, TP1: 2.40988813, TP2: 2.48077627, TP3: 2.5516644
__main__ - INFO - ✅ [GALA/USDT] --- ОТКРЫТА LONG СДЕЛКА (Сила: 5) @ 0.01599 ---
__main__ - INFO -    SL: 0.01540229, TP1: 0.01657771, TP2: 0.01716542, TP3: 0.01775314
__main__ - INFO - ✅ [APE/USDT] --- ОТКРЫТА LONG СДЕЛКА (Сила: 5) @ 0.5867 ---
__main__ - INFO -    SL: 0.57039357, TP1: 0.60300643, TP2: 0.61931286, TP3: 0.63561929
__main__ - INFO - ✅ [CHZ/USDT] --- ОТКРЫТА LONG СДЕЛКА (Сила: 5) @ 0.03968 ---
__main__ - INFO -    SL: 0.03861174, TP1: 0.04074826, TP2: 0.04181652, TP3: 0.04288478
__main__ - INFO - ✅ [ENJ/USDT] --- ОТКРЫТА LONG СДЕЛКА (Сила: 5) @ 0.07179 ---
__main__ - INFO -    SL: 0.06939766, TP1: 0.07418234, TP2: 0.07657468, TP3: 0.07896703
__main__ - INFO - ✅ [THETA/USDT] --- ОТКРЫТА LONG СДЕЛКА (Сила: 5) @ 0.8181 ---
__main__ - INFO -    SL: 0.79094598, TP1: 0.84525402, TP2: 0.87240804, TP3: 0.89956206
__main__ - INFO - ✅ [GMT/USDT] --- ОТКРЫТА LONG СДЕЛКА (Сила: 5) @ 0.04594 ---
__main__ - INFO -    SL: 0.04451192, TP1: 0.04736808, TP2: 0.04879616, TP3: 0.05022424
__main__ - INFO - 👀 [BNB/USDT] Отслеживаю LONG | Цена: 792.12 | Вход: 791.31 | Статус: active
__main__ - INFO - 👀 [SOL/USDT] Отслеживаю LONG | Цена: 177.11 | Вход: 176.84 | Статус: active
__main__ - INFO - 👀 [XRP/USDT] Отслеживаю LONG | Цена: 3.0604 | Вход: 3.0566 | Статус: active
__main__ - INFO - 👀 [ADA/USDT] Отслеживаю LONG | Цена: 0.7576 | Вход: 0.7565 | Статус: active
__main__ - INFO - 👀 [DOGE/USDT] Отслеживаю LONG | Цена: 0.21677 | Вход: 0.21656 | Статус: active
__main__ - INFO - 👀 [DOT/USDT] Отслеживаю LONG | Цена: 3.765 | Вход: 3.76 | Статус: active
__main__ - INFO - 👀 [LINK/USDT] Отслеживаю LONG | Цена: 17.309 | Вход: 17.299 | Статус: active
__main__ - INFO - 👀 [UNI/USDT] Отслеживаю LONG | Цена: 9.871 | Вход: 9.867 | Статус: active
__main__ - INFO - 👀 [ATOM/USDT] Отслеживаю LONG | Цена: 4.41 | Вход: 4.407 | Статус: active
__main__ - INFO - 👀 [ETC/USDT] Отслеживаю LONG | Цена: 21.073 | Вход: 21.058 | Статус: active
__main__ - INFO - 👀 [FIL/USDT] Отслеживаю LONG | Цена: 2.472 | Вход: 2.472 | Статус: active
__main__ - INFO - 👀 [XLM/USDT] Отслеживаю LONG | Цена: 0.40791 | Вход: 0.40785 | Статус: active
__main__ - INFO - 👀 [ICP/USDT] Отслеживаю LONG | Цена: 5.263 | Вход: 5.264 | Статус: active
__main__ - INFO - 👀 [HBAR/USDT] Отслеживаю LONG | Цена: 0.2566 | Вход: 0.25647 | Статус: active
__main__ - INFO - 👀 [NEAR/USDT] Отслеживаю LONG | Цена: 2.624 | Вход: 2.623 | Статус: active
__main__ - INFO - 👀 [ALGO/USDT] Отслеживаю LONG | Цена: 0.2514 | Вход: 0.2513 | Статус: active
__main__ - INFO - 👀 [EGLD/USDT] Отслеживаю LONG | Цена: 14.681 | Вход: 14.671 | Статус: active
__main__ - INFO - 👀 [FLOW/USDT] Отслеживаю LONG | Цена: 0.381 | Вход: 0.381 | Статус: active
__main__ - INFO - 👀 [SAND/USDT] Отслеживаю LONG | Цена: 0.2842 | Вход: 0.28428 | Статус: active
__main__ - INFO - 👀 [MANA/USDT] Отслеживаю LONG | Цена: 0.289 | Вход: 0.2889 | Статус: active
__main__ - INFO - 👀 [AXS/USDT] Отслеживаю LONG | Цена: 2.338 | Вход: 2.339 | Статус: active
__main__ - INFO - 👀 [GALA/USDT] Отслеживаю LONG | Цена: 0.01599 | Вход: 0.01599 | Статус: active
__main__ - INFO - 👀 [APE/USDT] Отслеживаю LONG | Цена: 0.5864 | Вход: 0.5867 | Статус: active
__main__ - INFO - 👀 [CHZ/USDT] Отслеживаю LONG | Цена: 0.03967 | Вход: 0.03968 | Статус: active
__main__ - INFO - 👀 [ENJ/USDT] Отслеживаю LONG | Цена: 0.07176 | Вход: 0.07179 | Статус: active
__main__ - INFO - 👀 [THETA/USDT] Отслеживаю LONG | Цена: 0.8173 | Вход: 0.8181 | Статус: active
__main__ - INFO - 👀 [GMT/USDT] Отслеживаю LONG | Цена: 0.04591 | Вход: 0.04594 | Статус: active
__main__ - ERROR - Ошибка сохранения лога сигналов: Object of type datetime is not JSON serializable
__main__ - INFO - ✅ Цикл анализа завершен за 54.0 секунд
__main__ - INFO - 📊 Обработано 35 пар. Найдено 27 сигналов.
__main__ - INFO - ⏳ Ожидание следующего цикла (15 минут)...
__main__ - INFO - 🛑 Бот остановлен пользователем
__main__ - ERROR - Ошибка сохранения лога сигналов: Object of type datetime is not JSON serializable
__main__ - INFO - Загружено 3792 фьючерсных рынков
__main__ - INFO - Активные фьючерсные пары: 35
__main__ - INFO - 🚀 Запуск фьючерсного криптотрейдинг бота...
__main__ - INFO - 📊 Мониторинг 35 фьючерсных пар на 5 таймфреймах
__main__ - INFO - 🕒 Цикл анализа каждые 5 минут
__main__ - INFO - 🔄 Цикл #1
__main__ - INFO - 🚀 Начало анализа 35 фьючерсных пар...
__main__ - INFO - ✅ [BNB/USDT] --- ОТКРЫТА LONG СДЕЛКА (Сила: 5) @ 790.61 ---
__main__ - INFO -    SL: 775.73196405, TP1: 805.48803595, TP2: 820.3660719, TP3: 835.24410785
__main__ - INFO - ✅ [SOL/USDT] --- ОТКРЫТА LONG СДЕЛКА (Сила: 5) @ 176.57 ---
__main__ - INFO -    SL: 172.54109136, TP1: 180.59890864, TP2: 184.62781728, TP3: 188.65672591
__main__ - INFO - ✅ [XRP/USDT] --- ОТКРЫТА LONG СДЕЛКА (Сила: 5) @ 3.0491 ---
__main__ - INFO -    SL: 2.97872835, TP1: 3.11947165, TP2: 3.18984331, TP3: 3.26021496
__main__ - INFO - ✅ [ADA/USDT] --- ОТКРЫТА LONG СДЕЛКА (Сила: 5) @ 0.7535 ---
__main__ - INFO -    SL: 0.73299139, TP1: 0.77400861, TP2: 0.79451722, TP3: 0.81502583
__main__ - INFO - ✅ [DOGE/USDT] --- ОТКРЫТА LONG СДЕЛКА (Сила: 5) @ 0.21584 ---
__main__ - INFO -    SL: 0.20940016, TP1: 0.22227984, TP2: 0.22871968, TP3: 0.23515953
__main__ - INFO - ✅ [DOT/USDT] --- ОТКРЫТА LONG СДЕЛКА (Сила: 5) @ 3.748 ---
__main__ - INFO -    SL: 3.63893651, TP1: 3.85706349, TP2: 3.96612698, TP3: 4.07519047
__main__ - INFO - ✅ [AVAX/USDT] --- ОТКРЫТА LONG СДЕЛКА (Сила: 5) @ 23.38 ---
__main__ - INFO -    SL: 22.71292348, TP1: 24.04707652, TP2: 24.71415305, TP3: 25.38122957
__main__ - INFO - ✅ [LINK/USDT] --- ОТКРЫТА LONG СДЕЛКА (Сила: 5) @ 17.244 ---
__main__ - INFO -    SL: 16.80278594, TP1: 17.68521406, TP2: 18.12642812, TP3: 18.56764218
__main__ - ERROR - Ошибка получения фьючерсных данных для MATIC/USDT: binance does not have market symbol MATIC/USDT
__main__ - INFO - ✅ [UNI/USDT] --- ОТКРЫТА LONG СДЕЛКА (Сила: 5) @ 9.832 ---
__main__ - INFO -    SL: 9.46162027, TP1: 10.20237973, TP2: 10.57275946, TP3: 10.94313919
__main__ - INFO - ✅ [ATOM/USDT] --- ОТКРЫТА LONG СДЕЛКА (Сила: 5) @ 4.396 ---
__main__ - INFO -    SL: 4.27500764, TP1: 4.51699236, TP2: 4.63798472, TP3: 4.75897709
__main__ - INFO - ✅ [ETC/USDT] --- ОТКРЫТА LONG СДЕЛКА (Сила: 5) @ 20.993 ---
__main__ - INFO -    SL: 20.43894021, TP1: 21.54705979, TP2: 22.10111958, TP3: 22.65517937
__main__ - INFO - ✅ [FIL/USDT] --- ОТКРЫТА LONG СДЕЛКА (Сила: 5) @ 2.462 ---
__main__ - INFO -    SL: 2.38969581, TP1: 2.53430419, TP2: 2.60660838, TP3: 2.67891257
__main__ - INFO - ✅ [VET/USDT] --- ОТКРЫТА LONG СДЕЛКА (Сила: 5) @ 0.02408 ---
__main__ - INFO -    SL: 0.02326257, TP1: 0.02489743, TP2: 0.02571485, TP3: 0.0261611
__main__ - INFO - ✅ [XLM/USDT] --- ОТКРЫТА LONG СДЕЛКА (Сила: 5) @ 0.40578 ---
__main__ - INFO -    SL: 0.39438878, TP1: 0.41717122, TP2: 0.42856243, TP3: 0.43995365
__main__ - INFO - ✅ [ICP/USDT] --- ОТКРЫТА LONG СДЕЛКА (Сила: 5) @ 5.244 ---
__main__ - INFO -    SL: 5.09150355, TP1: 5.39649645, TP2: 5.54899289, TP3: 5.70148934
__main__ - INFO - ✅ [HBAR/USDT] --- ОТКРЫТА LONG СДЕЛКА (Сила: 5) @ 0.25476 ---
__main__ - INFO -    SL: 0.24650184, TP1: 0.26301816, TP2: 0.27127631, TP3: 0.27953447
__main__ - INFO - ✅ [NEAR/USDT] --- ОТКРЫТА LONG СДЕЛКА (Сила: 5) @ 2.61 ---
__main__ - INFO -    SL: 2.52290081, TP1: 2.69709919, TP2: 2.78419839, TP3: 2.87129758
__main__ - INFO - ✅ [ALGO/USDT] --- ОТКРЫТА LONG СДЕЛКА (Сила: 5) @ 0.2499 ---
__main__ - INFO -    SL: 0.24217666, TP1: 0.25762334, TP2: 0.26534668, TP3: 0.27307001
__main__ - INFO - ✅ [EGLD/USDT] --- ОТКРЫТА LONG СДЕЛКА (Сила: 5) @ 14.626 ---
__main__ - INFO -    SL: 14.17818101, TP1: 15.07381899, TP2: 15.52163798, TP3: 15.96945697
__main__ - INFO - ✅ [FLOW/USDT] --- ОТКРЫТА LONG СДЕЛКА (Сила: 5) @ 0.379 ---
__main__ - INFO -    SL: 0.36696298, TP1: 0.39103702, TP2: 0.40307403, TP3: 0.41511105
__main__ - INFO - ✅ [SAND/USDT] --- ОТКРЫТА LONG СДЕЛКА (Сила: 5) @ 0.28309 ---
__main__ - INFO -    SL: 0.27514341, TP1: 0.29103659, TP2: 0.29898317, TP3: 0.30692976
__main__ - INFO - ✅ [MANA/USDT] --- ОТКРЫТА LONG СДЕЛКА (Сила: 5) @ 0.287 ---
__main__ - INFO -    SL: 0.27816965, TP1: 0.29583035, TP2: 0.30466071, TP3: 0.31349106
__main__ - INFO - ✅ [AXS/USDT] --- ОТКРЫТА LONG СДЕЛКА (Сила: 5) @ 2.325 ---
__main__ - INFO -    SL: 2.25282615, TP1: 2.39717385, TP2: 2.46934769, TP3: 2.54152154
__main__ - INFO - ✅ [GALA/USDT] --- ОТКРЫТА LONG СДЕЛКА (Сила: 5) @ 0.01585 ---
__main__ - INFO -    SL: 0.01524943, TP1: 0.01645057, TP2: 0.01705114, TP3: 0.01765171
__main__ - INFO - ✅ [APE/USDT] --- ОТКРЫТА LONG СДЕЛКА (Сила: 5) @ 0.5833 ---
__main__ - INFO -    SL: 0.56667929, TP1: 0.59992071, TP2: 0.61654143, TP3: 0.63316214
__main__ - INFO - ✅ [CHZ/USDT] --- ОТКРЫТА LONG СДЕЛКА (Сила: 5) @ 0.03955 ---
__main__ - INFO -    SL: 0.03847031, TP1: 0.04062969, TP2: 0.04170937, TP3: 0.04278906
__main__ - INFO - ✅ [ENJ/USDT] --- ОТКРЫТА LONG СДЕЛКА (Сила: 5) @ 0.07124 ---
__main__ - INFO -    SL: 0.06877766, TP1: 0.07370234, TP2: 0.07616468, TP3: 0.07862703
__main__ - INFO - ✅ [THETA/USDT] --- ОТКРЫТА LONG СДЕЛКА (Сила: 5) @ 0.8147 ---
__main__ - INFO -    SL: 0.78707455, TP1: 0.84232545, TP2: 0.8699509, TP3: 0.89757635
__main__ - INFO - ✅ [GMT/USDT] --- ОТКРЫТА LONG СДЕЛКА (Сила: 5) @ 0.04559 ---
__main__ - INFO -    SL: 0.04411906, TP1: 0.04706094, TP2: 0.04853187, TP3: 0.05000281
__main__ - INFO - 👀 [BNB/USDT] Отслеживаю LONG | Цена: 788.69 | Вход: 790.61 | Статус: active
__main__ - INFO - 👀 [SOL/USDT] Отслеживаю LONG | Цена: 176.32 | Вход: 176.57 | Статус: active
__main__ - INFO - 👀 [XRP/USDT] Отслеживаю LONG | Цена: 3.0478 | Вход: 3.0491 | Статус: active
__main__ - INFO - 👀 [ADA/USDT] Отслеживаю LONG | Цена: 0.7533 | Вход: 0.7535 | Статус: active
__main__ - INFO - 👀 [DOGE/USDT] Отслеживаю LONG | Цена: 0.21547 | Вход: 0.21584 | Статус: active
__main__ - INFO - 👀 [DOT/USDT] Отслеживаю LONG | Цена: 3.742 | Вход: 3.748 | Статус: active
__main__ - INFO - 👀 [AVAX/USDT] Отслеживаю LONG | Цена: 23.362 | Вход: 23.38 | Статус: active
__main__ - INFO - 👀 [LINK/USDT] Отслеживаю LONG | Цена: 17.238 | Вход: 17.244 | Статус: active
__main__ - INFO - 👀 [UNI/USDT] Отслеживаю LONG | Цена: 9.823 | Вход: 9.832 | Статус: active
__main__ - INFO - 👀 [ATOM/USDT] Отслеживаю LONG | Цена: 4.391 | Вход: 4.396 | Статус: active
__main__ - INFO - 👀 [ETC/USDT] Отслеживаю LONG | Цена: 20.994 | Вход: 20.993 | Статус: active
__main__ - INFO - 👀 [FIL/USDT] Отслеживаю LONG | Цена: 2.461 | Вход: 2.462 | Статус: active
__main__ - INFO - 👀 [VET/USDT] Отслеживаю LONG | Цена: 0.024077 | Вход: 0.02408 | Статус: active
__main__ - INFO - 👀 [XLM/USDT] Отслеживаю LONG | Цена: 0.4059 | Вход: 0.40578 | Статус: active
__main__ - INFO - 👀 [ICP/USDT] Отслеживаю LONG | Цена: 5.238 | Вход: 5.244 | Статус: active
__main__ - INFO - 👀 [HBAR/USDT] Отслеживаю LONG | Цена: 0.25464 | Вход: 0.25476 | Статус: active
__main__ - INFO - 👀 [NEAR/USDT] Отслеживаю LONG | Цена: 2.61 | Вход: 2.61 | Статус: active
__main__ - INFO - 👀 [ALGO/USDT] Отслеживаю LONG | Цена: 0.25 | Вход: 0.2499 | Статус: active
__main__ - INFO - 👀 [EGLD/USDT] Отслеживаю LONG | Цена: 14.631 | Вход: 14.626 | Статус: active
__main__ - INFO - 👀 [FLOW/USDT] Отслеживаю LONG | Цена: 0.379 | Вход: 0.379 | Статус: active
__main__ - INFO - 👀 [SAND/USDT] Отслеживаю LONG | Цена: 0.28296 | Вход: 0.28309 | Статус: active
__main__ - INFO - 👀 [MANA/USDT] Отслеживаю LONG | Цена: 0.2872 | Вход: 0.287 | Статус: active
__main__ - INFO - 👀 [AXS/USDT] Отслеживаю LONG | Цена: 2.326 | Вход: 2.325 | Статус: active
__main__ - INFO - 👀 [GALA/USDT] Отслеживаю LONG | Цена: 0.01588 | Вход: 0.01585 | Статус: active
__main__ - INFO - 👀 [APE/USDT] Отслеживаю LONG | Цена: 0.5837 | Вход: 0.5833 | Статус: active
__main__ - INFO - 👀 [CHZ/USDT] Отслеживаю LONG | Цена: 0.03956 | Вход: 0.03955 | Статус: active
__main__ - INFO - 👀 [ENJ/USDT] Отслеживаю LONG | Цена: 0.07133 | Вход: 0.07124 | Статус: active
__main__ - INFO - 👀 [THETA/USDT] Отслеживаю LONG | Цена: 0.8148 | Вход: 0.8147 | Статус: active
__main__ - INFO - 👀 [GMT/USDT] Отслеживаю LONG | Цена: 0.04556 | Вход: 0.04559 | Статус: active
__main__ - INFO - ✅ Цикл анализа завершен за 57.4 секунд
__main__ - INFO - 📊 Обработано 35 пар. Найдено 29 сигналов.
__main__ - INFO - ⏳ Ожидание следующего цикла (5 минут)...
__main__ - INFO - 🛑 Бот остановлен пользователем
__main__ - INFO - 🆕 Новый запуск бота - файл состояния не найден
__main__ - INFO - Загружено 3792 фьючерсных рынков
__main__ - INFO - Активные фьючерсные пары: 35
__main__ - INFO - 🚀 Запуск фьючерсного криптотрейдинг бота...
__main__ - INFO - 📊 Мониторинг 35 фьючерсных пар на 5 таймфреймах
__main__ - INFO - 💾 Состояние сохраняется в: bot_state.json
__main__ - INFO - 🕒 Цикл анализа каждые 5 минут
__main__ - INFO - 🔄 Цикл #1
__main__ - INFO - 🚀 Начало анализа 35 фьючерсных пар...
__main__ - INFO - ✅ [BNB/USDT] --- ОТКРЫТА LONG СДЕЛКА (Сила: 5) @ 789.52 ---
__main__ - INFO -    SL: 774.37910691, TP1: 804.66089309, TP2: 819.80178619, TP3: 834.94267928
__main__ - ERROR - ❌ Ошибка сохранения состояния: Object of type int64 is not JSON serializable
__main__ - INFO - ✅ [SOL/USDT] --- ОТКРЫТА LONG СДЕЛКА (Сила: 5) @ 176.94 ---
__main__ - INFO -    SL: 172.8839485, TP1: 180.9960515, TP2: 185.05210299, TP3: 189.10815449
__main__ - ERROR - ❌ Ошибка сохранения состояния: Object of type int64 is not JSON serializable
__main__ - INFO - ✅ [XRP/USDT] --- ОТКРЫТА LONG СДЕЛКА (Сила: 5) @ 3.0508 ---
__main__ - INFO -    SL: 2.98012835, TP1: 3.12147165, TP2: 3.19214331, TP3: 3.26281496
__main__ - ERROR - ❌ Ошибка сохранения состояния: Object of type int64 is not JSON serializable
__main__ - INFO - 🛑 Бот остановлен пользователем
__main__ - ERROR - ❌ Ошибка сохранения состояния: Object of type int64 is not JSON serializable
__main__ - INFO - 💾 Финальное состояние сохранено
2025-07-30 11:54:55,344 - __main__ - ERROR - ❌ Ошибка загрузки состояния: Expecting value: line 24 column 23 (char 627)
2025-07-30 11:54:57,843 - __main__ - INFO - Загружено 3792 фьючерсных рынков
2025-07-30 11:54:57,843 - __main__ - INFO - Активные фьючерсные пары: 35
2025-07-30 11:54:57,843 - __main__ - INFO - 🚀 Запуск фьючерсного криптотрейдинг бота...
2025-07-30 11:54:57,843 - __main__ - INFO - 📊 Мониторинг 35 фьючерсных пар на 5 таймфреймах
2025-07-30 11:54:57,844 - __main__ - INFO - 💾 Состояние сохраняется в: bot_state.json
2025-07-30 11:54:57,844 - __main__ - INFO - 🕒 Цикл анализа каждые 5 минут
2025-07-30 11:54:57,844 - __main__ - INFO - 🔄 Цикл #1
2025-07-30 11:54:57,844 - __main__ - INFO - 🚀 Начало анализа 35 фьючерсных пар...
2025-07-30 11:55:01,518 - __main__ - INFO - ✅ [BNB/USDT] --- ОТКРЫТА LONG СДЕЛКА (Сила: 5) @ 787.96 ---
2025-07-30 11:55:01,518 - __main__ - INFO -    SL: 772.72339262, TP1: 803.19660738, TP2: 818.43321476, TP3: 833.66982214
2025-07-30 11:55:02,710 - __main__ - INFO - ✅ [SOL/USDT] --- ОТКРЫТА LONG СДЕЛКА (Сила: 5) @ 176.73 ---
2025-07-30 11:55:02,710 - __main__ - INFO -    SL: 172.6739485, TP1: 180.7860515, TP2: 184.84210299, TP3: 188.89815449
2025-07-30 11:55:03,894 - __main__ - INFO - ✅ [XRP/USDT] --- ОТКРЫТА LONG СДЕЛКА (Сила: 5) @ 3.0481 ---
2025-07-30 11:55:03,894 - __main__ - INFO -    SL: 2.97742835, TP1: 3.11877165, TP2: 3.18944331, TP3: 3.26011496
2025-07-30 11:55:06,092 - __main__ - INFO - ✅ [ADA/USDT] --- ОТКРЫТА LONG СДЕЛКА (Сила: 5) @ 0.7537 ---
2025-07-30 11:55:06,092 - __main__ - INFO -    SL: 0.73304853, TP1: 0.77435147, TP2: 0.79500294, TP3: 0.8156544
2025-07-30 11:55:07,277 - __main__ - INFO - ✅ [DOGE/USDT] --- ОТКРЫТА LONG СДЕЛКА (Сила: 5) @ 0.21556 ---
2025-07-30 11:55:07,277 - __main__ - INFO -    SL: 0.2089973, TP1: 0.2221227, TP2: 0.2286854, TP3: 0.2352481
2025-07-30 11:55:09,329 - __main__ - INFO - ✅ [DOT/USDT] --- ОТКРЫТА LONG СДЕЛКА (Сила: 5) @ 3.746 ---
2025-07-30 11:55:09,329 - __main__ - INFO -    SL: 3.6356508, TP1: 3.8563492, TP2: 3.96669841, TP3: 4.07704761
2025-07-30 11:55:11,362 - __main__ - INFO - ✅ [AVAX/USDT] --- ОТКРЫТА LONG СДЕЛКА (Сила: 5) @ 23.391 ---
2025-07-30 11:55:11,362 - __main__ - INFO -    SL: 22.72292348, TP1: 24.05907652, TP2: 24.72715305, TP3: 25.39522957
2025-07-30 11:55:12,977 - __main__ - INFO - ✅ [LINK/USDT] --- ОТКРЫТА LONG СДЕЛКА (Сила: 5) @ 17.252 ---
2025-07-30 11:55:12,977 - __main__ - INFO -    SL: 16.80850023, TP1: 17.69549977, TP2: 18.13899955, TP3: 18.58249932
2025-07-30 11:55:13,980 - __main__ - ERROR - Ошибка получения фьючерсных данных для MATIC/USDT: binance does not have market symbol MATIC/USDT
2025-07-30 11:55:15,160 - __main__ - INFO - ✅ [UNI/USDT] --- ОТКРЫТА LONG СДЕЛКА (Сила: 5) @ 9.819 ---
2025-07-30 11:55:15,160 - __main__ - INFO -    SL: 9.4461917, TP1: 10.1918083, TP2: 10.5646166, TP3: 10.93742491
2025-07-30 11:55:17,528 - __main__ - INFO - ✅ [ATOM/USDT] --- ОТКРЫТА LONG СДЕЛКА (Сила: 5) @ 4.392 ---
2025-07-30 11:55:17,528 - __main__ - INFO -    SL: 4.26943621, TP1: 4.51456379, TP2: 4.63712758, TP3: 4.75969137
2025-07-30 11:55:19,155 - __main__ - INFO - ✅ [ETC/USDT] --- ОТКРЫТА LONG СДЕЛКА (Сила: 5) @ 20.994 ---
2025-07-30 11:55:19,156 - __main__ - INFO -    SL: 20.43951164, TP1: 21.54848836, TP2: 22.10297672, TP3: 22.65746509
2025-07-30 11:55:21,346 - __main__ - INFO - ✅ [FIL/USDT] --- ОТКРЫТА LONG СДЕЛКА (Сила: 5) @ 2.461 ---
2025-07-30 11:55:21,346 - __main__ - INFO -    SL: 2.38769581, TP1: 2.53430419, TP2: 2.60760838, TP3: 2.68091257
2025-07-30 11:55:23,718 - __main__ - INFO - ✅ [VET/USDT] --- ОТКРЫТА LONG СДЕЛКА (Сила: 5) @ 0.024061 ---
2025-07-30 11:55:23,718 - __main__ - INFO -    SL: 0.02323743, TP1: 0.02488457, TP2: 0.02570814, TP3: 0.0261611
2025-07-30 11:55:25,322 - __main__ - INFO - ✅ [XLM/USDT] --- ОТКРЫТА LONG СДЕЛКА (Сила: 5) @ 0.40543 ---
2025-07-30 11:55:25,322 - __main__ - INFO -    SL: 0.39399735, TP1: 0.41686265, TP2: 0.42829529, TP3: 0.43972794
2025-07-30 11:55:26,498 - __main__ - INFO - ✅ [ICP/USDT] --- ОТКРЫТА LONG СДЕЛКА (Сила: 5) @ 5.232 ---
2025-07-30 11:55:26,498 - __main__ - INFO -    SL: 5.07778927, TP1: 5.38621073, TP2: 5.54042146, TP3: 5.69463219
2025-07-30 11:55:30,286 - __main__ - INFO - ✅ [HBAR/USDT] --- ОТКРЫТА LONG СДЕЛКА (Сила: 5) @ 0.25441 ---
2025-07-30 11:55:30,286 - __main__ - INFO -    SL: 0.24615184, TP1: 0.26266816, TP2: 0.27092631, TP3: 0.27918447
2025-07-30 11:55:31,460 - __main__ - INFO - ✅ [NEAR/USDT] --- ОТКРЫТА LONG СДЕЛКА (Сила: 5) @ 2.608 ---
2025-07-30 11:55:31,461 - __main__ - INFO -    SL: 2.52047223, TP1: 2.69552777, TP2: 2.78305553, TP3: 2.8705833
2025-07-30 11:55:32,656 - __main__ - INFO - ✅ [ALGO/USDT] --- ОТКРЫТА LONG СДЕЛКА (Сила: 5) @ 0.2497 ---
2025-07-30 11:55:32,656 - __main__ - INFO -    SL: 0.24191952, TP1: 0.25748048, TP2: 0.26526096, TP3: 0.27304144
2025-07-30 11:55:33,839 - __main__ - INFO - ✅ [EGLD/USDT] --- ОТКРЫТА LONG СДЕЛКА (Сила: 5) @ 14.612 ---
2025-07-30 11:55:33,839 - __main__ - INFO -    SL: 14.16032387, TP1: 15.06367613, TP2: 15.51535226, TP3: 15.9670284
2025-07-30 11:55:36,012 - __main__ - INFO - ✅ [FLOW/USDT] --- ОТКРЫТА LONG СДЕЛКА (Сила: 5) @ 0.379 ---
2025-07-30 11:55:36,012 - __main__ - INFO -    SL: 0.36696298, TP1: 0.39103702, TP2: 0.40307403, TP3: 0.41511105
2025-07-30 11:55:37,181 - __main__ - INFO - ✅ [SAND/USDT] --- ОТКРЫТА LONG СДЕЛКА (Сила: 5) @ 0.28211 ---
2025-07-30 11:55:37,182 - __main__ - INFO -    SL: 0.27405341, TP1: 0.29016659, TP2: 0.29822317, TP3: 0.30627976
2025-07-30 11:55:38,789 - __main__ - INFO - ✅ [MANA/USDT] --- ОТКРЫТА LONG СДЕЛКА (Сила: 5) @ 0.2867 ---
2025-07-30 11:55:38,789 - __main__ - INFO -    SL: 0.27779822, TP1: 0.29560178, TP2: 0.30450356, TP3: 0.31340535
2025-07-30 11:55:39,966 - __main__ - INFO - ✅ [AXS/USDT] --- ОТКРЫТА LONG СДЕЛКА (Сила: 5) @ 2.323 ---
2025-07-30 11:55:39,967 - __main__ - INFO -    SL: 2.25025472, TP1: 2.39574528, TP2: 2.46849055, TP3: 2.54123583
2025-07-30 11:55:41,143 - __main__ - INFO - ✅ [GALA/USDT] --- ОТКРЫТА LONG СДЕЛКА (Сила: 5) @ 0.01586 ---
2025-07-30 11:55:41,143 - __main__ - INFO -    SL: 0.01525943, TP1: 0.01646057, TP2: 0.01706114, TP3: 0.01766171
2025-07-30 11:55:43,328 - __main__ - INFO - ✅ [APE/USDT] --- ОТКРЫТА LONG СДЕЛКА (Сила: 5) @ 0.5837 ---
2025-07-30 11:55:43,328 - __main__ - INFO -    SL: 0.56707929, TP1: 0.60032071, TP2: 0.61694143, TP3: 0.63356214
2025-07-30 11:55:44,508 - __main__ - INFO - ✅ [CHZ/USDT] --- ОТКРЫТА LONG СДЕЛКА (Сила: 5) @ 0.03953 ---
2025-07-30 11:55:44,508 - __main__ - INFO -    SL: 0.03845031, TP1: 0.04060969, TP2: 0.04168937, TP3: 0.04276906
2025-07-30 11:55:45,684 - __main__ - INFO - ✅ [ENJ/USDT] --- ОТКРЫТА LONG СДЕЛКА (Сила: 5) @ 0.07116 ---
2025-07-30 11:55:45,685 - __main__ - INFO -    SL: 0.06869766, TP1: 0.07362234, TP2: 0.07608468, TP3: 0.07854703
2025-07-30 11:55:46,864 - __main__ - INFO - ✅ [THETA/USDT] --- ОТКРЫТА LONG СДЕЛКА (Сила: 5) @ 0.8142 ---
2025-07-30 11:55:46,864 - __main__ - INFO -    SL: 0.78657455, TP1: 0.84182545, TP2: 0.8694509, TP3: 0.89707635
2025-07-30 11:55:48,063 - __main__ - INFO - ✅ [GMT/USDT] --- ОТКРЫТА LONG СДЕЛКА (Сила: 5) @ 0.0456 ---
2025-07-30 11:55:48,064 - __main__ - INFO -    SL: 0.04412906, TP1: 0.04707094, TP2: 0.04854187, TP3: 0.05001281
2025-07-30 11:55:49,298 - __main__ - INFO - 👀 [BNB/USDT] Отслеживаю LONG | Цена: 787.43 | Вход: 787.96 | Статус: active
2025-07-30 11:55:49,529 - __main__ - INFO - 👀 [SOL/USDT] Отслеживаю LONG | Цена: 176.65 | Вход: 176.73 | Статус: active
2025-07-30 11:55:49,754 - __main__ - INFO - 👀 [XRP/USDT] Отслеживаю LONG | Цена: 3.0448 | Вход: 3.0481 | Статус: active
2025-07-30 11:55:49,974 - __main__ - INFO - 👀 [ADA/USDT] Отслеживаю LONG | Цена: 0.7529 | Вход: 0.7537 | Статус: active
2025-07-30 11:55:50,199 - __main__ - INFO - 👀 [DOGE/USDT] Отслеживаю LONG | Цена: 0.21533 | Вход: 0.21556 | Статус: active
2025-07-30 11:55:50,426 - __main__ - INFO - 👀 [DOT/USDT] Отслеживаю LONG | Цена: 3.739 | Вход: 3.746 | Статус: active
2025-07-30 11:55:50,651 - __main__ - INFO - 👀 [AVAX/USDT] Отслеживаю LONG | Цена: 23.367 | Вход: 23.391 | Статус: active
2025-07-30 11:55:50,872 - __main__ - INFO - 👀 [LINK/USDT] Отслеживаю LONG | Цена: 17.231 | Вход: 17.252 | Статус: active
2025-07-30 11:55:51,096 - __main__ - INFO - 👀 [UNI/USDT] Отслеживаю LONG | Цена: 9.809 | Вход: 9.819 | Статус: active
2025-07-30 11:55:51,321 - __main__ - INFO - 👀 [ATOM/USDT] Отслеживаю LONG | Цена: 4.387 | Вход: 4.392 | Статус: active
2025-07-30 11:55:51,545 - __main__ - INFO - 👀 [ETC/USDT] Отслеживаю LONG | Цена: 20.986 | Вход: 20.994 | Статус: active
2025-07-30 11:55:51,768 - __main__ - INFO - 👀 [FIL/USDT] Отслеживаю LONG | Цена: 2.458 | Вход: 2.461 | Статус: active
2025-07-30 11:55:51,992 - __main__ - INFO - 👀 [VET/USDT] Отслеживаю LONG | Цена: 0.024064 | Вход: 0.024061 | Статус: active
2025-07-30 11:55:52,219 - __main__ - INFO - 👀 [XLM/USDT] Отслеживаю LONG | Цена: 0.40554 | Вход: 0.40543 | Статус: active
2025-07-30 11:55:52,446 - __main__ - INFO - 👀 [ICP/USDT] Отслеживаю LONG | Цена: 5.226 | Вход: 5.232 | Статус: active
2025-07-30 11:55:52,670 - __main__ - INFO - 👀 [HBAR/USDT] Отслеживаю LONG | Цена: 0.25422 | Вход: 0.25441 | Статус: active
2025-07-30 11:55:52,894 - __main__ - INFO - 👀 [NEAR/USDT] Отслеживаю LONG | Цена: 2.61 | Вход: 2.608 | Статус: active
2025-07-30 11:55:53,116 - __main__ - INFO - 👀 [ALGO/USDT] Отслеживаю LONG | Цена: 0.2498 | Вход: 0.2497 | Статус: active
2025-07-30 11:55:53,338 - __main__ - INFO - 👀 [EGLD/USDT] Отслеживаю LONG | Цена: 14.615 | Вход: 14.612 | Статус: active
2025-07-30 11:55:53,560 - __main__ - INFO - 👀 [FLOW/USDT] Отслеживаю LONG | Цена: 0.379 | Вход: 0.379 | Статус: active
2025-07-30 11:55:53,784 - __main__ - INFO - 👀 [SAND/USDT] Отслеживаю LONG | Цена: 0.2823 | Вход: 0.28211 | Статус: active
2025-07-30 11:55:54,008 - __main__ - INFO - 👀 [MANA/USDT] Отслеживаю LONG | Цена: 0.2867 | Вход: 0.2867 | Статус: active
2025-07-30 11:55:54,231 - __main__ - INFO - 👀 [AXS/USDT] Отслеживаю LONG | Цена: 2.323 | Вход: 2.323 | Статус: active
2025-07-30 11:55:54,453 - __main__ - INFO - 👀 [GALA/USDT] Отслеживаю LONG | Цена: 0.01588 | Вход: 0.01586 | Статус: active
2025-07-30 11:55:54,679 - __main__ - INFO - 👀 [APE/USDT] Отслеживаю LONG | Цена: 0.584 | Вход: 0.5837 | Статус: active
2025-07-30 11:55:54,900 - __main__ - INFO - 👀 [CHZ/USDT] Отслеживаю LONG | Цена: 0.03954 | Вход: 0.03953 | Статус: active
2025-07-30 11:55:55,126 - __main__ - INFO - 👀 [ENJ/USDT] Отслеживаю LONG | Цена: 0.07122 | Вход: 0.07116 | Статус: active
2025-07-30 11:55:55,352 - __main__ - INFO - 👀 [THETA/USDT] Отслеживаю LONG | Цена: 0.8139 | Вход: 0.8142 | Статус: active
2025-07-30 11:55:55,576 - __main__ - INFO - 👀 [GMT/USDT] Отслеживаю LONG | Цена: 0.04557 | Вход: 0.0456 | Статус: active
2025-07-30 11:55:55,586 - __main__ - INFO - ✅ Цикл анализа завершен за 57.7 секунд
2025-07-30 11:55:55,586 - __main__ - INFO - 📊 Обработано 35 пар. Найдено 29 сигналов.
2025-07-30 11:55:55,591 - __main__ - INFO - ⏳ Ожидание следующего цикла (5 минут)...
2025-07-30 11:56:51,844 - __main__ - INFO - 🛑 Бот остановлен пользователем
2025-07-30 11:56:51,856 - __main__ - INFO - 💾 Финальное состояние сохранено
2025-07-30 11:57:30,463 - __main__ - INFO - 📥 Восстановлено 29 активных сделок из состояния
2025-07-30 11:57:30,465 - __main__ - INFO - 📥 Восстановлено 29 сигналов из истории
2025-07-30 11:57:30,466 - __main__ - INFO - 📥 Восстановлено 29 найденных сигналов
2025-07-30 11:57:30,467 - __main__ - INFO - 📥 Статистика восстановлена
2025-07-30 11:57:30,467 - __main__ - INFO - ✅ Состояние бота успешно загружено
2025-07-30 11:57:33,638 - __main__ - INFO - Загружено 3792 фьючерсных рынков
2025-07-30 11:57:33,638 - __main__ - INFO - Активные фьючерсные пары: 35
2025-07-30 11:57:33,638 - __main__ - INFO - 🚀 Запуск фьючерсного криптотрейдинг бота...
2025-07-30 11:57:33,638 - __main__ - INFO - 📊 Мониторинг 35 фьючерсных пар на 5 таймфреймах
2025-07-30 11:57:33,638 - __main__ - INFO - 💾 Состояние сохраняется в: bot_state.json
2025-07-30 11:57:33,638 - __main__ - INFO - 📥 При запуске обнаружено 29 активных сделок для отслеживания
2025-07-30 11:57:33,638 - __main__ - INFO -    📌 BNB/USDT | LONG | Вход: 787.96
2025-07-30 11:57:33,638 - __main__ - INFO -    📌 SOL/USDT | LONG | Вход: 176.73
2025-07-30 11:57:33,638 - __main__ - INFO -    📌 XRP/USDT | LONG | Вход: 3.0481
2025-07-30 11:57:33,639 - __main__ - INFO -    📌 ADA/USDT | LONG | Вход: 0.7537
2025-07-30 11:57:33,639 - __main__ - INFO -    📌 DOGE/USDT | LONG | Вход: 0.21556
2025-07-30 11:57:33,639 - __main__ - INFO -    📌 DOT/USDT | LONG | Вход: 3.746
2025-07-30 11:57:33,639 - __main__ - INFO -    📌 AVAX/USDT | LONG | Вход: 23.391
2025-07-30 11:57:33,639 - __main__ - INFO -    📌 LINK/USDT | LONG | Вход: 17.252
2025-07-30 11:57:33,639 - __main__ - INFO -    📌 UNI/USDT | LONG | Вход: 9.819
2025-07-30 11:57:33,639 - __main__ - INFO -    📌 ATOM/USDT | LONG | Вход: 4.392
2025-07-30 11:57:33,639 - __main__ - INFO -    📌 ETC/USDT | LONG | Вход: 20.994
2025-07-30 11:57:33,639 - __main__ - INFO -    📌 FIL/USDT | LONG | Вход: 2.461
2025-07-30 11:57:33,639 - __main__ - INFO -    📌 VET/USDT | LONG | Вход: 0.024061
2025-07-30 11:57:33,639 - __main__ - INFO -    📌 XLM/USDT | LONG | Вход: 0.40543
2025-07-30 11:57:33,639 - __main__ - INFO -    📌 ICP/USDT | LONG | Вход: 5.232
2025-07-30 11:57:33,639 - __main__ - INFO -    📌 HBAR/USDT | LONG | Вход: 0.25441
2025-07-30 11:57:33,640 - __main__ - INFO -    📌 NEAR/USDT | LONG | Вход: 2.608
2025-07-30 11:57:33,640 - __main__ - INFO -    📌 ALGO/USDT | LONG | Вход: 0.2497
2025-07-30 11:57:33,640 - __main__ - INFO -    📌 EGLD/USDT | LONG | Вход: 14.612
2025-07-30 11:57:33,640 - __main__ - INFO -    📌 FLOW/USDT | LONG | Вход: 0.379
2025-07-30 11:57:33,640 - __main__ - INFO -    📌 SAND/USDT | LONG | Вход: 0.28211
2025-07-30 11:57:33,640 - __main__ - INFO -    📌 MANA/USDT | LONG | Вход: 0.2867
2025-07-30 11:57:33,640 - __main__ - INFO -    📌 AXS/USDT | LONG | Вход: 2.323
2025-07-30 11:57:33,640 - __main__ - INFO -    📌 GALA/USDT | LONG | Вход: 0.01586
2025-07-30 11:57:33,640 - __main__ - INFO -    📌 APE/USDT | LONG | Вход: 0.5837
2025-07-30 11:57:33,640 - __main__ - INFO -    📌 CHZ/USDT | LONG | Вход: 0.03953
2025-07-30 11:57:33,640 - __main__ - INFO -    📌 ENJ/USDT | LONG | Вход: 0.07116
2025-07-30 11:57:33,640 - __main__ - INFO -    📌 THETA/USDT | LONG | Вход: 0.8142
2025-07-30 11:57:33,641 - __main__ - INFO -    📌 GMT/USDT | LONG | Вход: 0.0456
2025-07-30 11:57:33,641 - __main__ - INFO - 🕒 Цикл анализа каждые 5 минут
2025-07-30 11:57:33,641 - __main__ - INFO - 🔄 Цикл #1
2025-07-30 11:57:33,641 - __main__ - INFO - 🚀 Начало анализа 35 фьючерсных пар...
2025-07-30 11:57:49,260 - __main__ - ERROR - Ошибка получения фьючерсных данных для MATIC/USDT: binance does not have market symbol MATIC/USDT
2025-07-30 11:58:24,032 - __main__ - INFO - 👀 [BNB/USDT] Отслеживаю LONG | Цена: 789.43 | Вход: 787.96 | Статус: active
2025-07-30 11:58:24,257 - __main__ - INFO - 👀 [SOL/USDT] Отслеживаю LONG | Цена: 177.12 | Вход: 176.73 | Статус: active
2025-07-30 11:58:24,486 - __main__ - INFO - 👀 [XRP/USDT] Отслеживаю LONG | Цена: 3.0504 | Вход: 3.0481 | Статус: active
2025-07-30 11:58:24,712 - __main__ - INFO - 👀 [ADA/USDT] Отслеживаю LONG | Цена: 0.7559 | Вход: 0.7537 | Статус: active
2025-07-30 11:58:24,938 - __main__ - INFO - 👀 [DOGE/USDT] Отслеживаю LONG | Цена: 0.21607 | Вход: 0.21556 | Статус: active
2025-07-30 11:58:25,166 - __main__ - INFO - 👀 [DOT/USDT] Отслеживаю LONG | Цена: 3.757 | Вход: 3.746 | Статус: active
2025-07-30 11:58:25,392 - __main__ - INFO - 👀 [AVAX/USDT] Отслеживаю LONG | Цена: 23.435 | Вход: 23.391 | Статус: active
2025-07-30 11:58:25,616 - __main__ - INFO - 👀 [LINK/USDT] Отслеживаю LONG | Цена: 17.299 | Вход: 17.252 | Статус: active
2025-07-30 11:58:25,843 - __main__ - INFO - 👀 [UNI/USDT] Отслеживаю LONG | Цена: 9.84 | Вход: 9.819 | Статус: active
2025-07-30 11:58:26,072 - __main__ - INFO - 👀 [ATOM/USDT] Отслеживаю LONG | Цена: 4.407 | Вход: 4.392 | Статус: active
2025-07-30 11:58:26,302 - __main__ - INFO - 👀 [ETC/USDT] Отслеживаю LONG | Цена: 21.09 | Вход: 20.994 | Статус: active
2025-07-30 11:58:26,528 - __main__ - INFO - 👀 [FIL/USDT] Отслеживаю LONG | Цена: 2.471 | Вход: 2.461 | Статус: active
2025-07-30 11:58:26,753 - __main__ - INFO - 👀 [VET/USDT] Отслеживаю LONG | Цена: 0.024161 | Вход: 0.024061 | Статус: active
2025-07-30 11:58:26,980 - __main__ - INFO - 👀 [XLM/USDT] Отслеживаю LONG | Цена: 0.40725 | Вход: 0.40543 | Статус: active
2025-07-30 11:58:27,208 - __main__ - INFO - 👀 [ICP/USDT] Отслеживаю LONG | Цена: 5.252 | Вход: 5.232 | Статус: active
2025-07-30 11:58:27,436 - __main__ - INFO - 👀 [HBAR/USDT] Отслеживаю LONG | Цена: 0.25547 | Вход: 0.25441 | Статус: active
2025-07-30 11:58:27,664 - __main__ - INFO - 👀 [NEAR/USDT] Отслеживаю LONG | Цена: 2.622 | Вход: 2.608 | Статус: active
2025-07-30 11:58:27,886 - __main__ - INFO - 👀 [ALGO/USDT] Отслеживаю LONG | Цена: 0.2507 | Вход: 0.2497 | Статус: active
2025-07-30 11:58:28,112 - __main__ - INFO - 👀 [EGLD/USDT] Отслеживаю LONG | Цена: 14.68 | Вход: 14.612 | Статус: active
2025-07-30 11:58:28,336 - __main__ - INFO - 👀 [FLOW/USDT] Отслеживаю LONG | Цена: 0.38 | Вход: 0.379 | Статус: active
2025-07-30 11:58:28,563 - __main__ - INFO - 👀 [SAND/USDT] Отслеживаю LONG | Цена: 0.28376 | Вход: 0.28211 | Статус: active
2025-07-30 11:58:28,787 - __main__ - INFO - 👀 [MANA/USDT] Отслеживаю LONG | Цена: 0.2883 | Вход: 0.2867 | Статус: active
2025-07-30 11:58:29,011 - __main__ - INFO - 👀 [AXS/USDT] Отслеживаю LONG | Цена: 2.337 | Вход: 2.323 | Статус: active
2025-07-30 11:58:29,238 - __main__ - INFO - 👀 [GALA/USDT] Отслеживаю LONG | Цена: 0.01597 | Вход: 0.01586 | Статус: active
2025-07-30 11:58:29,467 - __main__ - INFO - 👀 [APE/USDT] Отслеживаю LONG | Цена: 0.5884 | Вход: 0.5837 | Статус: active
2025-07-30 11:58:29,689 - __main__ - INFO - 👀 [CHZ/USDT] Отслеживаю LONG | Цена: 0.0397 | Вход: 0.03953 | Статус: active
2025-07-30 11:58:29,918 - __main__ - INFO - 👀 [ENJ/USDT] Отслеживаю LONG | Цена: 0.07163 | Вход: 0.07116 | Статус: active
2025-07-30 11:58:30,144 - __main__ - INFO - 👀 [THETA/USDT] Отслеживаю LONG | Цена: 0.8189 | Вход: 0.8142 | Статус: active
2025-07-30 11:58:30,369 - __main__ - INFO - 👀 [GMT/USDT] Отслеживаю LONG | Цена: 0.04583 | Вход: 0.0456 | Статус: active
2025-07-30 11:58:30,383 - __main__ - INFO - ✅ Цикл анализа завершен за 56.7 секунд
2025-07-30 11:58:30,383 - __main__ - INFO - 📊 Обработано 35 пар. Найдено 0 сигналов.
2025-07-30 11:58:30,392 - __main__ - INFO - ⏳ Ожидание следующего цикла (5 минут)...
2025-07-30 12:03:30,392 - __main__ - INFO - 🔄 Цикл #2
2025-07-30 12:03:30,392 - __main__ - INFO - 🚀 Начало анализа 35 фьючерсных пар...
2025-07-30 12:03:46,043 - __main__ - ERROR - Ошибка получения фьючерсных данных для MATIC/USDT: binance does not have market symbol MATIC/USDT
2025-07-30 12:04:21,118 - __main__ - INFO - 👀 [BNB/USDT] Отслеживаю LONG | Цена: 784.2 | Вход: 787.96 | Статус: active
2025-07-30 12:04:21,338 - __main__ - INFO - 👀 [SOL/USDT] Отслеживаю LONG | Цена: 177.22 | Вход: 176.73 | Статус: active
2025-07-30 12:04:21,567 - __main__ - INFO - 👀 [XRP/USDT] Отслеживаю LONG | Цена: 3.0505 | Вход: 3.0481 | Статус: active
2025-07-30 12:04:21,787 - __main__ - INFO - 👀 [ADA/USDT] Отслеживаю LONG | Цена: 0.7562 | Вход: 0.7537 | Статус: active
2025-07-30 12:04:22,016 - __main__ - INFO - 👀 [DOGE/USDT] Отслеживаю LONG | Цена: 0.21598 | Вход: 0.21556 | Статус: active
2025-07-30 12:04:22,245 - __main__ - INFO - 👀 [DOT/USDT] Отслеживаю LONG | Цена: 3.751 | Вход: 3.746 | Статус: active
2025-07-30 12:04:22,472 - __main__ - INFO - 👀 [AVAX/USDT] Отслеживаю LONG | Цена: 23.396 | Вход: 23.391 | Статус: active
2025-07-30 12:04:22,701 - __main__ - INFO - 👀 [LINK/USDT] Отслеживаю LONG | Цена: 17.28 | Вход: 17.252 | Статус: active
2025-07-30 12:04:22,928 - __main__ - INFO - 👀 [UNI/USDT] Отслеживаю LONG | Цена: 9.846 | Вход: 9.819 | Статус: active
2025-07-30 12:04:23,151 - __main__ - INFO - 👀 [ATOM/USDT] Отслеживаю LONG | Цена: 4.406 | Вход: 4.392 | Статус: active
2025-07-30 12:04:23,380 - __main__ - INFO - 👀 [ETC/USDT] Отслеживаю LONG | Цена: 21.037 | Вход: 20.994 | Статус: active
2025-07-30 12:04:23,605 - __main__ - INFO - 👀 [FIL/USDT] Отслеживаю LONG | Цена: 2.465 | Вход: 2.461 | Статус: active
2025-07-30 12:04:23,834 - __main__ - INFO - 👀 [VET/USDT] Отслеживаю LONG | Цена: 0.024115 | Вход: 0.024061 | Статус: active
2025-07-30 12:04:24,061 - __main__ - INFO - 👀 [XLM/USDT] Отслеживаю LONG | Цена: 0.40705 | Вход: 0.40543 | Статус: active
2025-07-30 12:04:24,284 - __main__ - INFO - 👀 [ICP/USDT] Отслеживаю LONG | Цена: 5.24 | Вход: 5.232 | Статус: active
2025-07-30 12:04:24,508 - __main__ - INFO - 👀 [HBAR/USDT] Отслеживаю LONG | Цена: 0.25514 | Вход: 0.25441 | Статус: active
2025-07-30 12:04:24,736 - __main__ - INFO - 👀 [NEAR/USDT] Отслеживаю LONG | Цена: 2.616 | Вход: 2.608 | Статус: active
2025-07-30 12:04:24,967 - __main__ - INFO - 👀 [ALGO/USDT] Отслеживаю LONG | Цена: 0.2509 | Вход: 0.2497 | Статус: active
2025-07-30 12:04:25,195 - __main__ - INFO - 👀 [EGLD/USDT] Отслеживаю LONG | Цена: 14.65 | Вход: 14.612 | Статус: active
2025-07-30 12:04:25,422 - __main__ - INFO - 👀 [FLOW/USDT] Отслеживаю LONG | Цена: 0.38 | Вход: 0.379 | Статус: active
2025-07-30 12:04:25,649 - __main__ - INFO - 👀 [SAND/USDT] Отслеживаю LONG | Цена: 0.28299 | Вход: 0.28211 | Статус: active
2025-07-30 12:04:25,878 - __main__ - INFO - 👀 [MANA/USDT] Отслеживаю LONG | Цена: 0.2877 | Вход: 0.2867 | Статус: active
2025-07-30 12:04:26,097 - __main__ - INFO - 👀 [AXS/USDT] Отслеживаю LONG | Цена: 2.333 | Вход: 2.323 | Статус: active
2025-07-30 12:04:26,325 - __main__ - INFO - 👀 [GALA/USDT] Отслеживаю LONG | Цена: 0.01596 | Вход: 0.01586 | Статус: active
2025-07-30 12:04:26,550 - __main__ - INFO - 👀 [APE/USDT] Отслеживаю LONG | Цена: 0.5867 | Вход: 0.5837 | Статус: active
2025-07-30 12:04:26,780 - __main__ - INFO - 👀 [CHZ/USDT] Отслеживаю LONG | Цена: 0.03955 | Вход: 0.03953 | Статус: active
2025-07-30 12:04:27,005 - __main__ - INFO - 👀 [ENJ/USDT] Отслеживаю LONG | Цена: 0.07141 | Вход: 0.07116 | Статус: active
2025-07-30 12:04:27,225 - __main__ - INFO - 👀 [THETA/USDT] Отслеживаю LONG | Цена: 0.816 | Вход: 0.8142 | Статус: active
2025-07-30 12:04:27,449 - __main__ - INFO - 👀 [GMT/USDT] Отслеживаю LONG | Цена: 0.04585 | Вход: 0.0456 | Статус: active
2025-07-30 12:04:27,464 - __main__ - INFO - ✅ Цикл анализа завершен за 57.1 секунд
2025-07-30 12:04:27,464 - __main__ - INFO - 📊 Обработано 35 пар. Найдено 0 сигналов.
2025-07-30 12:04:27,472 - __main__ - INFO - ⏳ Ожидание следующего цикла (5 минут)...
2025-07-30 12:08:53,767 - __main__ - INFO - 🛑 Бот остановлен пользователем
2025-07-30 12:08:53,823 - __main__ - INFO - 💾 Финальное состояние сохранено
2025-07-30 12:08:55,966 - __main__ - INFO - 📥 Восстановлено 29 активных сделок из состояния
2025-07-30 12:08:55,968 - __main__ - INFO - 📥 Восстановлено 29 сигналов из истории
2025-07-30 12:08:55,969 - __main__ - INFO - 📥 Восстановлено 29 найденных сигналов
2025-07-30 12:08:55,969 - __main__ - INFO - 📥 Статистика восстановлена
2025-07-30 12:08:55,969 - __main__ - INFO - ✅ Состояние бота успешно загружено
2025-07-30 12:08:58,342 - __main__ - INFO - Загружено 3792 фьючерсных рынков
2025-07-30 12:08:58,342 - __main__ - INFO - Активные фьючерсные пары: 35
2025-07-30 12:08:58,343 - __main__ - INFO - 🚀 Запуск фьючерсного криптотрейдинг бота...
2025-07-30 12:08:58,343 - __main__ - INFO - 📊 Мониторинг 35 фьючерсных пар на 4 таймфреймах
2025-07-30 12:08:58,343 - __main__ - INFO - 💾 Состояние сохраняется в: bot_state.json
2025-07-30 12:08:58,343 - __main__ - INFO - 📈 SHORT сигналы: ВКЛЮЧЕНЫ
2025-07-30 12:08:58,343 - __main__ - INFO - 🎯 Цель: краткосрочные сделки (до 24ч), но без автоматического закрытия
2025-07-30 12:08:58,343 - __main__ - INFO - 📥 При запуске обнаружено 29 активных сделок для отслеживания
2025-07-30 12:08:58,343 - __main__ - INFO -    📌 BNB/USDT | LONG | Вход: 787.96
2025-07-30 12:08:58,343 - __main__ - INFO -    📌 SOL/USDT | LONG | Вход: 176.73
2025-07-30 12:08:58,343 - __main__ - INFO -    📌 XRP/USDT | LONG | Вход: 3.0481
2025-07-30 12:08:58,343 - __main__ - INFO -    📌 ADA/USDT | LONG | Вход: 0.7537
2025-07-30 12:08:58,343 - __main__ - INFO -    📌 DOGE/USDT | LONG | Вход: 0.21556
2025-07-30 12:08:58,343 - __main__ - INFO -    📌 DOT/USDT | LONG | Вход: 3.746
2025-07-30 12:08:58,343 - __main__ - INFO -    📌 AVAX/USDT | LONG | Вход: 23.391
2025-07-30 12:08:58,343 - __main__ - INFO -    📌 LINK/USDT | LONG | Вход: 17.252
2025-07-30 12:08:58,343 - __main__ - INFO -    📌 UNI/USDT | LONG | Вход: 9.819
2025-07-30 12:08:58,343 - __main__ - INFO -    📌 ATOM/USDT | LONG | Вход: 4.392
2025-07-30 12:08:58,344 - __main__ - INFO -    📌 ETC/USDT | LONG | Вход: 20.994
2025-07-30 12:08:58,344 - __main__ - INFO -    📌 FIL/USDT | LONG | Вход: 2.461
2025-07-30 12:08:58,344 - __main__ - INFO -    📌 VET/USDT | LONG | Вход: 0.024061
2025-07-30 12:08:58,344 - __main__ - INFO -    📌 XLM/USDT | LONG | Вход: 0.40543
2025-07-30 12:08:58,344 - __main__ - INFO -    📌 ICP/USDT | LONG | Вход: 5.232
2025-07-30 12:08:58,344 - __main__ - INFO -    📌 HBAR/USDT | LONG | Вход: 0.25441
2025-07-30 12:08:58,344 - __main__ - INFO -    📌 NEAR/USDT | LONG | Вход: 2.608
2025-07-30 12:08:58,344 - __main__ - INFO -    📌 ALGO/USDT | LONG | Вход: 0.2497
2025-07-30 12:08:58,344 - __main__ - INFO -    📌 EGLD/USDT | LONG | Вход: 14.612
2025-07-30 12:08:58,344 - __main__ - INFO -    📌 FLOW/USDT | LONG | Вход: 0.379
2025-07-30 12:08:58,344 - __main__ - INFO -    📌 SAND/USDT | LONG | Вход: 0.28211
2025-07-30 12:08:58,344 - __main__ - INFO -    📌 MANA/USDT | LONG | Вход: 0.2867
2025-07-30 12:08:58,344 - __main__ - INFO -    📌 AXS/USDT | LONG | Вход: 2.323
2025-07-30 12:08:58,345 - __main__ - INFO -    📌 GALA/USDT | LONG | Вход: 0.01586
2025-07-30 12:08:58,345 - __main__ - INFO -    📌 APE/USDT | LONG | Вход: 0.5837
2025-07-30 12:08:58,345 - __main__ - INFO -    📌 CHZ/USDT | LONG | Вход: 0.03953
2025-07-30 12:08:58,345 - __main__ - INFO -    📌 ENJ/USDT | LONG | Вход: 0.07116
2025-07-30 12:08:58,345 - __main__ - INFO -    📌 THETA/USDT | LONG | Вход: 0.8142
2025-07-30 12:08:58,345 - __main__ - INFO -    📌 GMT/USDT | LONG | Вход: 0.0456
2025-07-30 12:08:58,345 - __main__ - INFO - 🕒 Цикл анализа каждые 5 минут
2025-07-30 12:08:58,345 - __main__ - INFO - 🔄 Цикл #1
2025-07-30 12:08:58,345 - __main__ - INFO - 🚀 Начало анализа 35 фьючерсных пар...
2025-07-30 12:09:10,998 - __main__ - ERROR - Ошибка получения фьючерсных данных для MATIC/USDT: binance does not have market symbol MATIC/USDT
2025-07-30 12:09:41,316 - __main__ - INFO - 👀 [BNB/USDT] Отслеживаю LONG | Цена: 780.93 | Вход: 787.96 | Статус: active
2025-07-30 12:09:41,544 - __main__ - INFO - 👀 [SOL/USDT] Отслеживаю LONG | Цена: 176.71 | Вход: 176.73 | Статус: active
2025-07-30 12:09:41,769 - __main__ - INFO - 👀 [XRP/USDT] Отслеживаю LONG | Цена: 3.0434 | Вход: 3.0481 | Статус: active
2025-07-30 12:09:41,997 - __main__ - INFO - 👀 [ADA/USDT] Отслеживаю LONG | Цена: 0.7542 | Вход: 0.7537 | Статус: active
2025-07-30 12:09:42,222 - __main__ - INFO - 👀 [DOGE/USDT] Отслеживаю LONG | Цена: 0.21522 | Вход: 0.21556 | Статус: active
2025-07-30 12:09:42,447 - __main__ - INFO - 👀 [DOT/USDT] Отслеживаю LONG | Цена: 3.743 | Вход: 3.746 | Статус: active
2025-07-30 12:09:42,671 - __main__ - INFO - 👀 [AVAX/USDT] Отслеживаю LONG | Цена: 23.333 | Вход: 23.391 | Статус: active
2025-07-30 12:09:42,898 - __main__ - INFO - 👀 [LINK/USDT] Отслеживаю LONG | Цена: 17.237 | Вход: 17.252 | Статус: active
2025-07-30 12:09:43,121 - __main__ - INFO - 👀 [UNI/USDT] Отслеживаю LONG | Цена: 9.82 | Вход: 9.819 | Статус: active
2025-07-30 12:09:43,345 - __main__ - INFO - 👀 [ATOM/USDT] Отслеживаю LONG | Цена: 4.402 | Вход: 4.392 | Статус: active
2025-07-30 12:09:43,569 - __main__ - INFO - 👀 [ETC/USDT] Отслеживаю LONG | Цена: 20.992 | Вход: 20.994 | Статус: active
2025-07-30 12:09:43,794 - __main__ - INFO - 👀 [FIL/USDT] Отслеживаю LONG | Цена: 2.46 | Вход: 2.461 | Статус: active
2025-07-30 12:09:44,021 - __main__ - INFO - 👀 [VET/USDT] Отслеживаю LONG | Цена: 0.024054 | Вход: 0.024061 | Статус: active
2025-07-30 12:09:44,244 - __main__ - INFO - 👀 [XLM/USDT] Отслеживаю LONG | Цена: 0.40568 | Вход: 0.40543 | Статус: active
2025-07-30 12:09:44,469 - __main__ - INFO - 👀 [ICP/USDT] Отслеживаю LONG | Цена: 5.227 | Вход: 5.232 | Статус: active
2025-07-30 12:09:44,693 - __main__ - INFO - 👀 [HBAR/USDT] Отслеживаю LONG | Цена: 0.25283 | Вход: 0.25441 | Статус: active
2025-07-30 12:09:44,918 - __main__ - INFO - 👀 [NEAR/USDT] Отслеживаю LONG | Цена: 2.609 | Вход: 2.608 | Статус: active
2025-07-30 12:09:45,143 - __main__ - INFO - 👀 [ALGO/USDT] Отслеживаю LONG | Цена: 0.2501 | Вход: 0.2497 | Статус: active
2025-07-30 12:09:45,369 - __main__ - INFO - 👀 [EGLD/USDT] Отслеживаю LONG | Цена: 14.625 | Вход: 14.612 | Статус: active
2025-07-30 12:09:45,594 - __main__ - INFO - 👀 [FLOW/USDT] Отслеживаю LONG | Цена: 0.38 | Вход: 0.379 | Статус: active
2025-07-30 12:09:45,822 - __main__ - INFO - 👀 [SAND/USDT] Отслеживаю LONG | Цена: 0.28222 | Вход: 0.28211 | Статус: active
2025-07-30 12:09:46,046 - __main__ - INFO - 👀 [MANA/USDT] Отслеживаю LONG | Цена: 0.2873 | Вход: 0.2867 | Статус: active
2025-07-30 12:09:46,270 - __main__ - INFO - 👀 [AXS/USDT] Отслеживаю LONG | Цена: 2.323 | Вход: 2.323 | Статус: active
2025-07-30 12:09:46,940 - __main__ - INFO - 👀 [GALA/USDT] Отслеживаю LONG | Цена: 0.0159 | Вход: 0.01586 | Статус: active
2025-07-30 12:09:47,164 - __main__ - INFO - 👀 [APE/USDT] Отслеживаю LONG | Цена: 0.5858 | Вход: 0.5837 | Статус: active
2025-07-30 12:09:47,388 - __main__ - INFO - 👀 [CHZ/USDT] Отслеживаю LONG | Цена: 0.03951 | Вход: 0.03953 | Статус: active
2025-07-30 12:09:47,613 - __main__ - INFO - 👀 [ENJ/USDT] Отслеживаю LONG | Цена: 0.07128 | Вход: 0.07116 | Статус: active
2025-07-30 12:09:47,834 - __main__ - INFO - 👀 [THETA/USDT] Отслеживаю LONG | Цена: 0.8126 | Вход: 0.8142 | Статус: active
2025-07-30 12:09:48,066 - __main__ - INFO - 👀 [GMT/USDT] Отслеживаю LONG | Цена: 0.04575 | Вход: 0.0456 | Статус: active
2025-07-30 12:09:48,080 - __main__ - INFO - ✅ Цикл анализа завершен за 49.7 секунд
2025-07-30 12:09:48,080 - __main__ - INFO - 📊 Обработано 35 пар. Найдено 0 сигналов.
2025-07-30 12:09:48,088 - __main__ - INFO - ⏳ Ожидание следующего цикла (5 минут)...
